Herald, Herons Großvater, Ist ein normaler Mensch gewesen und wurde von den Göttern beauftragt eine Insel zu Hüten.
Diese Insel heißt: "Ambosia".
Als junger Mensch ganz alleine (Über seine Eltern ist nichts Bekannt) bereiste er Ambosia
und fand bei seinen Erkundungen ein Volk: Die (Unbekannt).
Sofort vereehrten die Einwohner von (Unbekannte Stadt1) Herald und baten Herald als Herscher über die (Unbekanntes Volk) einzutreten.
Herald aktzeptierte die Anfrage und war nun Herscher über die (Unbekanntes Volk) und somit auch über ganz Ambosia, weil insgesammt nur
2 Ur- Völker in Ambosia Leben: Die (Unbekanntes Volk) und die (Ur- Volk).
Die (Unbekanntes Volk) waren ledrige, grau-braune, hässliche Humanoide Wesen, welche sich sowohl mit dem Gehen als auch mit dem Fliegen
fortbewegen konnten, weil sie Flügel besitzen. Da sie nur durch ihre Ledrige Haut "geschütz" waren und Herald sie beschützen musste
wendete Herald die Schmiedekunst, die sein Vater ihm beigebracht hatte, an um Rüstungen für die (Unbekanntes Volk) herzustellen.
Nachdem sein Volk gerüstet gegen die Verteidung des Bösen war feierten die (Unbekanntes Volk) Herald und schuffen ein Wappen, welches Inhalte von Ihrem
Ur- Wappen enthält und mit Heralds Symbol verfeinert wurde.

Nach dem Aufbau von (Unbekannte Stadt1) beschloss Herald Ambosia weiter zu erforschen: er fand eine Höhle.
Aber nicht nur eine gewöhnliche: es war eine Höhle welche komplett aus Stalagtiten und Stalagmiten bestand und diese haben in allen Farben
geglänzt, weil sie aus Edelsteinen sind. Durch die Höhle führte ein kleiner Pfad zu einem Blauen, stark leuchtenden Kristall: Das Herz Ambosias.
Der Dorfälteste, welcher Herald diesen Ort zeigte sagte, dass Das Herz Ambosias schon seit der ersten Entdeckung so stark glänzt und das war schon mehrere Hundert Jahre her.
Herald trat näher und nahm das Herz aus dem versteinten Sockel.
Das Leuchten des Herzens wurde schwächer und Heralds Augen fingen an, in der selben Farbe zu leuchten wie das Herz.
Der Dorfälteste schreckte zurück und fragte nach ein paar Minuten ob alles in Ordnung ist, weil Herald durch die Macht des Herzens zu Boden knieen musste.
Herald sagte: "Ja", stand auf und fertigte sich in (Unbekannte Stadt1) ein Amulett aus dem Herz und wurde unsterblich
solange er dieses Amulett trägt.